<?xml version="1.0" encoding="UTF-8"?>
<testsuite errors="0" failures="2" file="test_console_system_main.py" name="test_console_system_main.TestStringMethods-20200921171053" skipped="0" tests="4" time="5.211" timestamp="2020-09-21T17:10:58">
	<testcase classname="test_console_system_main.TestStringMethods" file="test_console_system_main.py" line="12" name="test_isupper" time="0.005" timestamp="2020-09-21T17:10:53"/>
	<testcase classname="test_console_system_main.TestStringMethods" file="test_console_system_main.py" line="16" name="test_split" time="0.001" timestamp="2020-09-21T17:10:58"/>
	<testcase classname="test_console_system_main.TestStringMethods" file="test_console_system_main.py" line="22" name="test_scan_BLE" time="5.204" timestamp="2020-09-21T17:10:58">
		<failure message="0 != 2" type="AssertionError">
<![CDATA[Traceback (most recent call last):
  File "/Users/art3mis/future/python/pi_console_system/src/client/test_console_system_main.py", line 24, in test_scan_BLE
    self.assertEqual(len(xx), 2)
AssertionError: 0 != 2
]]>		</failure>
		<system-out>
<![CDATA[Đang quét BLE xung quanh...
-----Số thiết bị tìm được: 0-------
]]>		</system-out>
	</testcase>
	<testcase classname="test_console_system_main.TestStringMethods" file="test_console_system_main.py" line="9" name="test_upper" time="0.001" timestamp="2020-09-21T17:10:58">
		<failure message="'FOO' != 'foo'
- FOO
+ foo
" type="AssertionError">
<![CDATA[Traceback (most recent call last):
  File "/Users/art3mis/future/python/pi_console_system/src/client/test_console_system_main.py", line 10, in test_upper
    self.assertEqual('foo'.upper(), 'foo')
AssertionError: 'FOO' != 'foo'
- FOO
+ foo

]]>		</failure>
	</testcase>
</testsuite>
